0 info it worked if it ends with ok
1 verbose cli [ '/usr/local/bin/node', '/usr/local/bin/npm', 'run', 'tsc' ]
2 info using npm@2.11.3
3 info using node@v0.12.7
4 verbose node symlink /usr/local/bin/node
5 verbose run-script [ 'pretsc', 'tsc', 'posttsc' ]
6 info pretsc angular2-quickstart@1.0.0
7 info tsc angular2-quickstart@1.0.0
8 verbose unsafe-perm in lifecycle true
9 info angular2-quickstart@1.0.0 Failed to exec tsc script
10 verbose stack Error: angular2-quickstart@1.0.0 tsc: `tsc -p src -w`
10 verbose stack Exit status 1
10 verbose stack     at EventEmitter.<anonymous> (/usr/local/lib/node_modules/npm/lib/utils/lifecycle.js:213:16)
10 verbose stack     at EventEmitter.emit (events.js:110:17)
10 verbose stack     at ChildProcess.<anonymous> (/usr/local/lib/node_modules/npm/lib/utils/spawn.js:24:14)
10 verbose stack     at ChildProcess.emit (events.js:110:17)
10 verbose stack     at maybeClose (child_process.js:1015:16)
10 verbose stack     at Process.ChildProcess._handle.onexit (child_process.js:1087:5)
11 verbose pkgid angular2-quickstart@1.0.0
12 verbose cwd /Users/factornine/localhosts/www.factornine.co.uk/development/f9-angular2-tour-of-heroes/src/app
13 error Darwin 13.4.0
14 error argv "/usr/local/bin/node" "/usr/local/bin/npm" "run" "tsc"
15 error node v0.12.7
16 error npm  v2.11.3
17 error code ELIFECYCLE
18 error angular2-quickstart@1.0.0 tsc: `tsc -p src -w`
18 error Exit status 1
19 error Failed at the angular2-quickstart@1.0.0 tsc script 'tsc -p src -w'.
19 error This is most likely a problem with the angular2-quickstart package,
19 error not with npm itself.
19 error Tell the author that this fails on your system:
19 error     tsc -p src -w
19 error You can get their info via:
19 error     npm owner ls angular2-quickstart
19 error There is likely additional logging output above.
20 verbose exit [ 1, true ]
